<?xml version="1.0" encoding="utf-8"?><testsuites name="pytest tests"><testsuite name="pytest" errors="0" failures="0" skipped="0" tests="12" time="47.357" timestamp="2026-04-27T18:38:06.515504+00:00" hostname="agent-env-aabc246c-9be7-4855-a7a4-438d42f358dd"><testcase classname="backend.tests.backend_test" name="test_01_register" time="0.368" /><testcase classname="backend.tests.backend_test" name="test_02_login_wrong" time="0.372" /><testcase classname="backend.tests.backend_test" name="test_03_login_correct" time="0.350" /><testcase classname="backend.tests.backend_test" name="test_04_me" time="0.115" /><testcase classname="backend.tests.backend_test" name="test_05_onboarding" time="0.172" /><testcase classname="backend.tests.backend_test" name="test_06_food_search" time="0.180" /><testcase classname="backend.tests.backend_test" name="test_07_barcode_nutella" time="1.367" /><testcase classname="backend.tests.backend_test" name="test_08_log_meal_and_today" time="0.393" /><testcase classname="backend.tests.backend_test" name="test_09_logs_range" time="0.106" /><testcase classname="backend.tests.backend_test" name="test_10_weight_log_and_history" time="0.252" /><testcase classname="backend.tests.backend_test" name="test_11_insights_generate" time="4.401" /><testcase classname="backend.tests.backend_test" name="test_12_meal_plan_generate" time="39.199" /></testsuite></testsuites>